<?xml version="1.0" encoding="UTF-8" ?>
<testsuite tests="9" failures="0" name="com.simplilearn.student.TestStudentMark" time="0.031" errors="0" skipped="0">
  <properties>
[...]
</properties>
  <testcase classname="com.simplilearn.student.TestStudentMark" name="test_getTotalMark" time="0.024"/>
  <testcase classname="com.simplilearn.student.TestStudentMark" name="test_getInvalidPercentageAbove" time="0"/>
  <testcase classname="com.simplilearn.student.TestStudentMark" name="test_getInvalidPercentageBellow" time="0"/>
  <testcase classname="com.simplilearn.student.TestStudentMark" name="test_getTotalMarksArithmeticCheck" time="0.001"/>
  <testcase classname="com.simplilearn.student.TestStudentMark" name="test_getTotalMarkAbove" time="0.002"/>
  <testcase classname="com.simplilearn.student.TestStudentMark" name="test_getGradeInvalidMarks" time="0.001"/>
  <testcase classname="com.simplilearn.student.TestStudentMark" name="test_getGreade" time="0.001"/>
  <testcase classname="com.simplilearn.student.TestStudentMark" name="test_getTotalMarkBellow" time="0.001"/>
  <testcase classname="com.simplilearn.student.TestStudentMark" name="test_getPercentage" time="0.001"/>
</testsuite>